2019/11/12 04:46:49 [error] [php] A non-numeric value encountered (/var/web/yaamp/modules/site/coin_results.php:253)
Stack trace:
#0 /var/web/framework/web/CController.php(872): SiteController->renderFile()
#1 /var/web/yaamp/modules/site/SiteController.php(807): SiteController->renderPartial()
#2 /var/web/framework/web/actions/CInlineAction.php(49): SiteController->actionCoin_results()
#3 /var/web/framework/web/CController.php(308): CInlineAction->runWithParams()
#4 /var/web/framework/web/CController.php(286): SiteController->runAction()
#5 /var/web/framework/web/CController.php(265): SiteController->runActionWithFilters()
#6 /var/web/framework/web/CWebApplication.php(304): SiteController->run()
#7 /var/web/framework/web/CWebApplication.php(141): CWebApplication->runController()
#8 /var/web/framework/base/CApplication.php(185): CWebApplication->processRequest()
#9 /var/web/index.php(27): CWebApplication->run()
REQUEST_URI=/site/coin_results?id=1425&rows=500&since=1572929209
2019/11/12 04:47:13 [error] [php] A non-numeric value encountered (/var/web/yaamp/modules/site/coin_results.php:253)
Stack trace:
#0 /var/web/framework/web/CController.php(872): SiteController->renderFile()
#1 /var/web/yaamp/modules/site/SiteController.php(807): SiteController->renderPartial()
#2 /var/web/framework/web/actions/CInlineAction.php(49): SiteController->actionCoin_results()
#3 /var/web/framework/web/CController.php(308): CInlineAction->runWithParams()
#4 /var/web/framework/web/CController.php(286): SiteController->runAction()
#5 /var/web/framework/web/CController.php(265): SiteController->runActionWithFilters()
#6 /var/web/framework/web/CWebApplication.php(304): SiteController->run()
#7 /var/web/framework/web/CWebApplication.php(141): CWebApplication->runController()
#8 /var/web/framework/base/CApplication.php(185): CWebApplication->processRequest()
#9 /var/web/index.php(27): CWebApplication->run()
REQUEST_URI=/site/coin_results?id=1425&rows=500&since=1572929232
2019/11/17 01:06:08 [error] [php] A non-numeric value encountered (/var/web/yaamp/modules/site/coin_results.php:253)
Stack trace:
#0 /var/web/framework/web/CController.php(872): SiteController->renderFile()
#1 /var/web/yaamp/modules/site/SiteController.php(807): SiteController->renderPartial()
#2 /var/web/framework/web/actions/CInlineAction.php(49): SiteController->actionCoin_results()
#3 /var/web/framework/web/CController.php(308): CInlineAction->runWithParams()
#4 /var/web/framework/web/CController.php(286): SiteController->runAction()
#5 /var/web/framework/web/CController.php(265): SiteController->runActionWithFilters()
#6 /var/web/framework/web/CWebApplication.php(304): SiteController->run()
#7 /var/web/framework/web/CWebApplication.php(141): CWebApplication->runController()
#8 /var/web/framework/base/CApplication.php(185): CWebApplication->processRequest()
#9 /var/web/index.php(48): CWebApplication->run()
REQUEST_URI=/site/coin_results?id=1425&rows=500&since=1573347807
